build/app/outputs/mapping/release/mapping.txt
# compiler: R8
# compiler_version: 1.5.64
# min_api: 17
# pg_map_id: bd0b321
...
com.google.firebase.storage.internal.AdaptiveStreamBuffer -> com.google.firebase.storage.p0.b:
    byte[] buffer -> b
    boolean adaptiveMode -> e
    java.io.InputStream source -> a
    java.lang.Runtime runtime -> f
    int availableBytes -> c
    boolean reachedEnd -> d
    int advance(int) -> a
    int available() -> a
    void close() -> b
    int fill(int) -> b
    byte[] get() -> c
    int resize(int) -> c
    boolean isFinished() -> d
com.google.firebase.storage.internal.ExponentialBackoffSender -> com.google.firebase.storage.p0.c:
    android.content.Context context -> a
    com.google.firebase.auth.internal.InternalAuthProvider authProvider -> b
    java.util.Random random -> e
    com.google.firebase.storage.internal.Sleeper sleeper -> f
    com.google.android.gms.common.util.Clock clock -> g
    long retryTime -> c
    boolean canceled -> d
    void cancel() -> a
    boolean isRetryableError(int) -> a
    void sendWithExponentialBackoff(com.google.firebase.storage.network.NetworkRequest) -> a
    void sendWithExponentialBackoff(com.google.firebase.storage.network.NetworkRequest,boolean) -> a
    void reset() -> b
com.google.firebase.storage.internal.Slashes -> com.google.firebase.storage.p0.d:
    java.lang.String normalizeSlashes(java.lang.String) -> a
    java.lang.String preserveSlashEncode(java.lang.String) -> b
    java.lang.String slashize(java.lang.String) -> c
com.google.firebase.storage.internal.Sleeper -> com.google.firebase.storage.p0.e:
    void sleep(int) -> a
com.google.firebase.storage.internal.SleeperImpl -> com.google.firebase.storage.p0.f:
    void sleep(int) -> a
com.google.firebase.storage.internal.SmartHandler -> com.google.firebase.storage.p0.g:
    android.os.Handler handler -> a
    java.util.concurrent.Executor executor -> b
    boolean testMode -> c
    void callBack(java.lang.Runnable) -> a
com.google.firebase.storage.internal.Util -> com.google.firebase.storage.p0.h:
    boolean equals(java.lang.Object,java.lang.Object) -> a
    java.lang.String getAuthority() -> a
    java.lang.String getCurrentAuthToken(com.google.firebase.auth.internal.InternalAuthProvider) -> a
    android.net.Uri normalize(com.google.firebase.FirebaseApp,java.lang.String) -> a
    long parseDateTime(java.lang.String) -> a
com.google.firebase.storage.network.DeleteNetworkRequest -> com.google.firebase.storage.q0.a:
    java.lang.String getAction() -> a
com.google.firebase.storage.network.GetMetadataNetworkRequest -> com.google.firebase.storage.q0.b:
    java.lang.String getAction() -> a
com.google.firebase.storage.network.GetNetworkRequest -> com.google.firebase.storage.q0.c:
    java.lang.String getAction() -> a
    java.util.Map getQueryParameters() -> g